2024-10-24 13:44:01.619 [info] Configuration changed
2024-10-24 13:44:02.752 [info] Configuration changed
2024-10-24 13:44:03.195 [info] /home/docnite/Desktop/Rust/re-lonarpg/rust-toolchain.toml closed
2024-10-24 13:44:03.229 [info] Active editor: file:///home/docnite/Desktop/Rust/re-lonarpg/shell.nix
2024-10-24 13:44:03.235 [info] /home/docnite/Desktop/Rust/re-lonarpg/rust-toolchain.toml.git closed
2024-10-24 13:44:13.892 [info] /home/docnite/Desktop/Rust/re-lonarpg/shell.nix closed
2024-10-24 13:44:13.914 [info] Active editor: file:///home/docnite/Desktop/Rust/re-lonarpg/rust-toolchain.toml
2024-10-24 13:44:13.921 [info] /home/docnite/Desktop/Rust/re-lonarpg/shell.nix.git closed
2024-10-24 13:44:14.772 [info] /home/docnite/Desktop/Rust/re-lonarpg/rust-toolchain.toml closed
2024-10-24 13:44:14.792 [info] Active editor: file:///home/docnite/Desktop/Rust/re-lonarpg/Cargo.toml
2024-10-24 13:44:14.797 [info] /home/docnite/Desktop/Rust/re-lonarpg/rust-toolchain.toml.git closed
2024-10-24 13:44:22.615 [info] /home/docnite/Desktop/Rust/re-lonarpg/Cargo.toml closed
2024-10-24 13:44:23.347 [info] /home/docnite/Desktop/Rust/re-lonarpg/Cargo.toml.git closed
2024-10-24 13:44:26.144 [info] Configuration changed
2024-10-24 13:44:31.558 [info] Active editor: file:///home/docnite/Desktop/Rust/re-lonarpg/rust-toolchain.toml
2024-10-24 13:44:33.835 [info] /home/docnite/Desktop/Rust/re-lonarpg/rust-toolchain.toml closed
2024-10-24 13:44:33.849 [info] Active editor: file:///home/docnite/Desktop/Rust/re-lonarpg/shell.nix
2024-10-24 13:44:33.858 [info] /home/docnite/Desktop/Rust/re-lonarpg/rust-toolchain.toml.git closed
2024-10-24 13:44:34.703 [info] /home/docnite/Desktop/Rust/re-lonarpg/shell.nix closed
2024-10-24 13:44:34.714 [info] Active editor: file:///home/docnite/Desktop/Rust/re-lonarpg/Cargo.toml
2024-10-24 13:44:34.720 [info] /home/docnite/Desktop/Rust/re-lonarpg/shell.nix.git closed
2024-10-24 13:44:35.689 [info] /home/docnite/Desktop/Rust/re-lonarpg/Cargo.toml closed
2024-10-24 13:44:35.700 [info] Active editor: file:///home/docnite/Desktop/Rust/re-lonarpg/shell.nix
2024-10-24 13:44:35.707 [info] /home/docnite/Desktop/Rust/re-lonarpg/Cargo.toml.git closed
