2024-10-24 13:25:19.097 [info] [main] Log level: Info
2024-10-24 13:25:19.097 [info] [main] Validating found git in: "git"
2024-10-24 13:25:19.097 [info] [main] Using git "2.46.1" from "git"
2024-10-24 13:25:19.097 [info] [Model][doInitialScan] Initial repository scan started
2024-10-24 13:25:19.097 [info] > git rev-parse --show-toplevel [3ms]
2024-10-24 13:25:19.097 [info] fatal: not a git repository (or any of the parent directories): .git
2024-10-24 13:25:19.097 [info] > git rev-parse --show-toplevel [3ms]
2024-10-24 13:25:19.097 [info] fatal: not a git repository (or any of the parent directories): .git
2024-10-24 13:25:19.098 [info] > git rev-parse --show-toplevel [37ms]
2024-10-24 13:25:19.098 [info] fatal: not a git repository (or any of the parent directories): .git
2024-10-24 13:25:19.100 [info] [Model][doInitialScan] Initial repository scan completed - repositories (0), closed repositories (0), parent repositories (0), unsafe repositories (0)
2024-10-24 13:25:19.124 [info] > git rev-parse --show-toplevel [5ms]
2024-10-24 13:25:19.124 [info] fatal: not a git repository (or any of the parent directories): .git
2024-10-24 13:25:19.152 [info] > git rev-parse --show-toplevel [2ms]
2024-10-24 13:25:19.152 [info] fatal: not a git repository (or any of the parent directories): .git
2024-10-24 13:25:19.164 [info] > git rev-parse --show-toplevel [3ms]
2024-10-24 13:25:19.164 [info] fatal: not a git repository (or any of the parent directories): .git
2024-10-24 13:25:19.366 [info] > git rev-parse --show-toplevel [2ms]
2024-10-24 13:25:19.367 [info] fatal: not a git repository (or any of the parent directories): .git
2024-10-24 13:25:19.998 [info] > git rev-parse --show-toplevel [2ms]
2024-10-24 13:25:19.998 [info] fatal: not a git repository (or any of the parent directories): .git
2024-10-24 13:26:21.432 [info] > git rev-parse --show-toplevel [5ms]
2024-10-24 13:26:21.432 [info] fatal: not a git repository (or any of the parent directories): .git
2024-10-24 13:26:23.760 [info] > git rev-parse --show-toplevel [3ms]
2024-10-24 13:26:23.760 [info] fatal: not a git repository (or any of the parent directories): .git
2024-10-24 13:26:25.893 [info] > git rev-parse --show-toplevel [2ms]
2024-10-24 13:26:25.893 [info] fatal: not a git repository (or any of the parent directories): .git
2024-10-24 13:26:28.075 [info] > git rev-parse --show-toplevel [3ms]
2024-10-24 13:26:28.075 [info] fatal: not a git repository (or any of the parent directories): .git
