2024-10-20 15:37:10.562 [info] [main] Log level: Info
2024-10-20 15:37:10.563 [info] [main] Validating found git in: "git"
2024-10-20 15:37:10.563 [info] [main] Using git "2.46.1" from "git"
2024-10-20 15:37:10.563 [info] [Model][doInitialScan] Initial repository scan started
2024-10-20 15:37:10.563 [info] > git rev-parse --show-toplevel [3ms]
2024-10-20 15:37:10.563 [info] fatal: not a git repository (or any of the parent directories): .git
2024-10-20 15:37:10.563 [info] > git rev-parse --show-toplevel [4ms]
2024-10-20 15:37:10.563 [info] fatal: not a git repository (or any of the parent directories): .git
2024-10-20 15:37:10.563 [info] > git rev-parse --show-toplevel [20ms]
2024-10-20 15:37:10.563 [info] fatal: not a git repository (or any of the parent directories): .git
2024-10-20 15:37:10.565 [info] [Model][doInitialScan] Initial repository scan completed - repositories (0), closed repositories (0), parent repositories (0), unsafe repositories (0)
2024-10-20 15:37:10.581 [info] > git rev-parse --show-toplevel [1ms]
2024-10-20 15:37:10.581 [info] fatal: not a git repository (or any of the parent directories): .git
2024-10-20 15:37:10.618 [info] > git rev-parse --show-toplevel [3ms]
2024-10-20 15:37:10.618 [info] fatal: not a git repository (or any of the parent directories): .git
2024-10-20 15:37:10.645 [info] > git rev-parse --show-toplevel [2ms]
2024-10-20 15:37:10.645 [info] fatal: not a git repository (or any of the parent directories): .git
2024-10-20 15:37:11.341 [info] > git rev-parse --show-toplevel [2ms]
2024-10-20 15:37:11.341 [info] fatal: not a git repository (or any of the parent directories): .git
2024-10-20 15:37:12.051 [info] > git rev-parse --show-toplevel [1ms]
2024-10-20 15:37:12.051 [info] fatal: not a git repository (or any of the parent directories): .git
2024-10-20 15:38:17.709 [info] > git rev-parse --show-toplevel [2ms]
2024-10-20 15:38:17.709 [info] fatal: not a git repository (or any of the parent directories): .git
2024-10-20 15:38:19.204 [info] > git rev-parse --show-toplevel [3ms]
2024-10-20 15:38:19.204 [info] fatal: not a git repository (or any of the parent directories): .git
2024-10-20 15:38:30.147 [info] > git rev-parse --show-toplevel [1ms]
2024-10-20 15:38:30.148 [info] fatal: not a git repository (or any of the parent directories): .git
2024-10-20 15:39:04.416 [info] > git rev-parse --show-toplevel [2ms]
2024-10-20 15:39:04.416 [info] fatal: not a git repository (or any of the parent directories): .git
2024-10-20 15:49:01.502 [info] > git rev-parse --show-toplevel [1ms]
2024-10-20 15:49:01.502 [info] fatal: not a git repository (or any of the parent directories): .git
2024-10-20 15:49:12.374 [info] > git rev-parse --show-toplevel [2ms]
2024-10-20 15:49:12.374 [info] fatal: not a git repository (or any of the parent directories): .git
2024-10-20 15:49:14.115 [info] > git rev-parse --show-toplevel [2ms]
2024-10-20 15:49:14.115 [info] fatal: not a git repository (or any of the parent directories): .git
2024-10-20 15:49:15.426 [info] > git rev-parse --show-toplevel [2ms]
2024-10-20 15:49:15.426 [info] fatal: not a git repository (or any of the parent directories): .git
2024-10-20 15:49:17.369 [info] > git rev-parse --show-toplevel [2ms]
2024-10-20 15:49:17.369 [info] fatal: not a git repository (or any of the parent directories): .git
2024-10-20 15:49:44.278 [info] > git rev-parse --show-toplevel [6ms]
2024-10-20 15:49:44.278 [info] fatal: not a git repository (or any of the parent directories): .git
2024-10-20 15:49:44.354 [info] > git rev-parse --show-toplevel [63ms]
2024-10-20 15:49:44.354 [info] fatal: not a git repository (or any of the parent directories): .git
2024-10-20 15:49:45.194 [info] > git rev-parse --show-toplevel [2ms]
2024-10-20 15:49:45.194 [info] fatal: not a git repository (or any of the parent directories): .git
2024-10-20 15:49:46.317 [info] > git rev-parse --show-toplevel [3ms]
2024-10-20 15:49:46.317 [info] fatal: not a git repository (or any of the parent directories): .git
2024-10-20 15:49:48.031 [info] > git rev-parse --show-toplevel [2ms]
2024-10-20 15:49:48.031 [info] fatal: not a git repository (or any of the parent directories): .git
2024-10-20 15:50:26.777 [info] > git rev-parse --show-toplevel [2ms]
2024-10-20 15:50:26.777 [info] fatal: not a git repository (or any of the parent directories): .git
2024-10-20 15:50:28.656 [info] > git rev-parse --show-toplevel [2ms]
2024-10-20 15:50:28.656 [info] fatal: not a git repository (or any of the parent directories): .git
2024-10-20 15:50:54.750 [info] > git rev-parse --show-toplevel [2ms]
2024-10-20 15:50:54.750 [info] fatal: not a git repository (or any of the parent directories): .git
2024-10-20 15:50:56.184 [info] > git rev-parse --show-toplevel [2ms]
2024-10-20 15:50:56.185 [info] fatal: not a git repository (or any of the parent directories): .git
2024-10-20 15:51:00.018 [info] > git rev-parse --show-toplevel [3ms]
2024-10-20 15:51:00.018 [info] fatal: not a git repository (or any of the parent directories): .git
2024-10-20 15:51:51.312 [info] > git rev-parse --show-toplevel [3ms]
2024-10-20 15:51:51.312 [info] fatal: not a git repository (or any of the parent directories): .git
2024-10-20 15:51:52.224 [info] > git rev-parse --show-toplevel [2ms]
2024-10-20 15:51:52.224 [info] fatal: not a git repository (or any of the parent directories): .git
2024-10-20 15:51:54.473 [info] > git rev-parse --show-toplevel [3ms]
2024-10-20 15:51:54.473 [info] fatal: not a git repository (or any of the parent directories): .git
2024-10-20 15:51:55.991 [info] > git rev-parse --show-toplevel [1ms]
2024-10-20 15:51:55.991 [info] fatal: not a git repository (or any of the parent directories): .git
2024-10-20 15:51:57.317 [info] > git rev-parse --show-toplevel [2ms]
2024-10-20 15:51:57.317 [info] fatal: not a git repository (or any of the parent directories): .git
