2024-10-24 13:28:49.444 [info] Extension host with pid 28346 started
2024-10-24 13:28:49.444 [info] Skipping acquiring lock for /home/docnite/.config/Code/User/workspaceStorage/3bff56d559d1103749589e8ffa81bade.
2024-10-24 13:28:49.549 [info] ExtensionService#_doActivateExtension vscode.git-base, startup: true, activationEvent: '*', root cause: vscode.git
2024-10-24 13:28:49.571 [info] ExtensionService#_doActivateExtension vscode.git, startup: true, activationEvent: '*'
2024-10-24 13:28:49.630 [info] ExtensionService#_doActivateExtension vscode.github, startup: true, activationEvent: '*'
2024-10-24 13:28:49.724 [info] Eager extensions activated
2024-10-24 13:28:49.847 [info] ExtensionService#_doActivateExtension vscode.debug-auto-launch, startup: false, activationEvent: 'onStartupFinished'
2024-10-24 13:28:49.849 [info] ExtensionService#_doActivateExtension vscode.merge-conflict, startup: false, activationEvent: 'onStartupFinished'
2024-10-24 13:28:49.864 [info] ExtensionService#_doActivateExtension vscodevim.vim, startup: false, activationEvent: 'onStartupFinished'
2024-10-24 13:28:50.046 [info] ExtensionService#_doActivateExtension vscode.emmet, startup: false, activationEvent: 'onLanguage'
2024-10-24 13:43:54.256 [info] Extension host terminating: renderer closed the MessagePort
2024-10-24 13:43:54.272 [error] Canceled: Canceled
	at new eA (file:///nix/store/m5db887cmx6nk99gm5q8hm9dhg7dm0gw-vscode-1.94.2/lib/vscode/resources/app/out/vs/workbench/api/node/extensionHostProcess.js:31:109321)
	at Zb.U (file:///nix/store/m5db887cmx6nk99gm5q8hm9dhg7dm0gw-vscode-1.94.2/lib/vscode/resources/app/out/vs/workbench/api/node/extensionHostProcess.js:31:113933)
	at s.<computed>.n.charCodeAt.s.<computed> (file:///nix/store/m5db887cmx6nk99gm5q8hm9dhg7dm0gw-vscode-1.94.2/lib/vscode/resources/app/out/vs/workbench/api/node/extensionHostProcess.js:31:111427)
	at T0.g (file:///nix/store/m5db887cmx6nk99gm5q8hm9dhg7dm0gw-vscode-1.94.2/lib/vscode/resources/app/out/vs/workbench/api/node/extensionHostProcess.js:114:32325)
	at T0.executeCommand (file:///nix/store/m5db887cmx6nk99gm5q8hm9dhg7dm0gw-vscode-1.94.2/lib/vscode/resources/app/out/vs/workbench/api/node/extensionHostProcess.js:114:31826)
	at r.registerCommand.description (file:///nix/store/m5db887cmx6nk99gm5q8hm9dhg7dm0gw-vscode-1.94.2/lib/vscode/resources/app/out/vs/workbench/api/node/extensionHostProcess.js:114:31156)
	at T0.h (file:///nix/store/m5db887cmx6nk99gm5q8hm9dhg7dm0gw-vscode-1.94.2/lib/vscode/resources/app/out/vs/workbench/api/node/extensionHostProcess.js:114:32845)
	at T0.g (file:///nix/store/m5db887cmx6nk99gm5q8hm9dhg7dm0gw-vscode-1.94.2/lib/vscode/resources/app/out/vs/workbench/api/node/extensionHostProcess.js:114:31919)
	at T0.executeCommand (file:///nix/store/m5db887cmx6nk99gm5q8hm9dhg7dm0gw-vscode-1.94.2/lib/vscode/resources/app/out/vs/workbench/api/node/extensionHostProcess.js:114:31826)
	at Object.executeCommand (file:///nix/store/m5db887cmx6nk99gm5q8hm9dhg7dm0gw-vscode-1.94.2/lib/vscode/resources/app/out/vs/workbench/api/node/extensionHostProcess.js:156:37049)
	at gh.O [as value] (/nix/store/m5db887cmx6nk99gm5q8hm9dhg7dm0gw-vscode-1.94.2/lib/vscode/resources/app/extensions/git/dist/main.js:2:953034)
	at T.B (file:///nix/store/m5db887cmx6nk99gm5q8hm9dhg7dm0gw-vscode-1.94.2/lib/vscode/resources/app/out/vs/workbench/api/node/extensionHostProcess.js:29:732)
	at T.C (file:///nix/store/m5db887cmx6nk99gm5q8hm9dhg7dm0gw-vscode-1.94.2/lib/vscode/resources/app/out/vs/workbench/api/node/extensionHostProcess.js:29:802)
	at T.fire (file:///nix/store/m5db887cmx6nk99gm5q8hm9dhg7dm0gw-vscode-1.94.2/lib/vscode/resources/app/out/vs/workbench/api/node/extensionHostProcess.js:29:1019)
	at Object.p [as dispose] (/nix/store/m5db887cmx6nk99gm5q8hm9dhg7dm0gw-vscode-1.94.2/lib/vscode/resources/app/extensions/git/dist/main.js:2:973612)
	at /nix/store/m5db887cmx6nk99gm5q8hm9dhg7dm0gw-vscode-1.94.2/lib/vscode/resources/app/extensions/git/dist/main.js:2:979734
	at Array.forEach (<anonymous>)
	at f.dispose (/nix/store/m5db887cmx6nk99gm5q8hm9dhg7dm0gw-vscode-1.94.2/lib/vscode/resources/app/extensions/git/dist/main.js:2:979720)
	at D1.<anonymous> (file:///nix/store/m5db887cmx6nk99gm5q8hm9dhg7dm0gw-vscode-1.94.2/lib/vscode/resources/app/out/vs/workbench/api/node/extensionHostProcess.js:108:19996)
	at D1.dispose (file:///nix/store/m5db887cmx6nk99gm5q8hm9dhg7dm0gw-vscode-1.94.2/lib/vscode/resources/app/out/vs/workbench/api/node/extensionHostProcess.js:108:20092)
	at D1.<anonymous> (/nix/store/m5db887cmx6nk99gm5q8hm9dhg7dm0gw-vscode-1.94.2/lib/vscode/resources/app/extensions/git/dist/main.js:2:955332)
	at D1.dispose (file:///nix/store/m5db887cmx6nk99gm5q8hm9dhg7dm0gw-vscode-1.94.2/lib/vscode/resources/app/out/vs/workbench/api/node/extensionHostProcess.js:108:20092)
	at Si (file:///nix/store/m5db887cmx6nk99gm5q8hm9dhg7dm0gw-vscode-1.94.2/lib/vscode/resources/app/out/vs/workbench/api/node/extensionHostProcess.js:24:701)
	at file:///nix/store/m5db887cmx6nk99gm5q8hm9dhg7dm0gw-vscode-1.94.2/lib/vscode/resources/app/out/vs/workbench/api/node/extensionHostProcess.js:118:14995
	at file:///nix/store/m5db887cmx6nk99gm5q8hm9dhg7dm0gw-vscode-1.94.2/lib/vscode/resources/app/out/vs/workbench/api/node/extensionHostProcess.js:24:1011
	at Object.dispose (file:///nix/store/m5db887cmx6nk99gm5q8hm9dhg7dm0gw-vscode-1.94.2/lib/vscode/resources/app/out/vs/workbench/api/node/extensionHostProcess.js:7:2146)
	at hB.eb (file:///nix/store/m5db887cmx6nk99gm5q8hm9dhg7dm0gw-vscode-1.94.2/lib/vscode/resources/app/out/vs/workbench/api/node/extensionHostProcess.js:118:11922)
	at file:///nix/store/m5db887cmx6nk99gm5q8hm9dhg7dm0gw-vscode-1.94.2/lib/vscode/resources/app/out/vs/workbench/api/node/extensionHostProcess.js:118:9877
	at Array.map (<anonymous>)
	at hB.$ (file:///nix/store/m5db887cmx6nk99gm5q8hm9dhg7dm0gw-vscode-1.94.2/lib/vscode/resources/app/out/vs/workbench/api/node/extensionHostProcess.js:118:9865)
	at hB.terminate (file:///nix/store/m5db887cmx6nk99gm5q8hm9dhg7dm0gw-vscode-1.94.2/lib/vscode/resources/app/out/vs/workbench/api/node/extensionHostProcess.js:118:10108)
	at M3.terminate (file:///nix/store/m5db887cmx6nk99gm5q8hm9dhg7dm0gw-vscode-1.94.2/lib/vscode/resources/app/out/vs/workbench/api/node/extensionHostProcess.js:119:1424)
	at ps (file:///nix/store/m5db887cmx6nk99gm5q8hm9dhg7dm0gw-vscode-1.94.2/lib/vscode/resources/app/out/vs/workbench/api/node/extensionHostProcess.js:174:15058)
	at MessagePortMain.<anonymous> (file:///nix/store/m5db887cmx6nk99gm5q8hm9dhg7dm0gw-vscode-1.94.2/lib/vscode/resources/app/out/vs/workbench/api/node/extensionHostProcess.js:174:11603)
	at MessagePortMain.emit (node:events:519:28)
	at MessagePortMain._internalPort.emit (node:electron/js2c/utility_init:2:2619) setContext undefined
2024-10-24 13:43:54.273 [error] Canceled: Canceled
	at new eA (file:///nix/store/m5db887cmx6nk99gm5q8hm9dhg7dm0gw-vscode-1.94.2/lib/vscode/resources/app/out/vs/workbench/api/node/extensionHostProcess.js:31:109321)
	at Zb.U (file:///nix/store/m5db887cmx6nk99gm5q8hm9dhg7dm0gw-vscode-1.94.2/lib/vscode/resources/app/out/vs/workbench/api/node/extensionHostProcess.js:31:113933)
	at s.<computed>.n.charCodeAt.s.<computed> (file:///nix/store/m5db887cmx6nk99gm5q8hm9dhg7dm0gw-vscode-1.94.2/lib/vscode/resources/app/out/vs/workbench/api/node/extensionHostProcess.js:31:111427)
	at T0.g (file:///nix/store/m5db887cmx6nk99gm5q8hm9dhg7dm0gw-vscode-1.94.2/lib/vscode/resources/app/out/vs/workbench/api/node/extensionHostProcess.js:114:32325)
	at T0.executeCommand (file:///nix/store/m5db887cmx6nk99gm5q8hm9dhg7dm0gw-vscode-1.94.2/lib/vscode/resources/app/out/vs/workbench/api/node/extensionHostProcess.js:114:31826)
	at r.registerCommand.description (file:///nix/store/m5db887cmx6nk99gm5q8hm9dhg7dm0gw-vscode-1.94.2/lib/vscode/resources/app/out/vs/workbench/api/node/extensionHostProcess.js:114:31156)
	at T0.h (file:///nix/store/m5db887cmx6nk99gm5q8hm9dhg7dm0gw-vscode-1.94.2/lib/vscode/resources/app/out/vs/workbench/api/node/extensionHostProcess.js:114:32845)
	at T0.g (file:///nix/store/m5db887cmx6nk99gm5q8hm9dhg7dm0gw-vscode-1.94.2/lib/vscode/resources/app/out/vs/workbench/api/node/extensionHostProcess.js:114:31919)
	at T0.executeCommand (file:///nix/store/m5db887cmx6nk99gm5q8hm9dhg7dm0gw-vscode-1.94.2/lib/vscode/resources/app/out/vs/workbench/api/node/extensionHostProcess.js:114:31826)
	at Object.executeCommand (file:///nix/store/m5db887cmx6nk99gm5q8hm9dhg7dm0gw-vscode-1.94.2/lib/vscode/resources/app/out/vs/workbench/api/node/extensionHostProcess.js:156:37049)
	at set hasGitHubRepositories (/nix/store/m5db887cmx6nk99gm5q8hm9dhg7dm0gw-vscode-1.94.2/lib/vscode/resources/app/extensions/github/dist/extension.js:2:321578)
	at /nix/store/m5db887cmx6nk99gm5q8hm9dhg7dm0gw-vscode-1.94.2/lib/vscode/resources/app/extensions/github/dist/extension.js:2:322537
	at gh.value (/nix/store/m5db887cmx6nk99gm5q8hm9dhg7dm0gw-vscode-1.94.2/lib/vscode/resources/app/extensions/git/dist/main.js:2:1061875)
	at T.B (file:///nix/store/m5db887cmx6nk99gm5q8hm9dhg7dm0gw-vscode-1.94.2/lib/vscode/resources/app/out/vs/workbench/api/node/extensionHostProcess.js:29:732)
	at T.C (file:///nix/store/m5db887cmx6nk99gm5q8hm9dhg7dm0gw-vscode-1.94.2/lib/vscode/resources/app/out/vs/workbench/api/node/extensionHostProcess.js:29:802)
	at T.fire (file:///nix/store/m5db887cmx6nk99gm5q8hm9dhg7dm0gw-vscode-1.94.2/lib/vscode/resources/app/out/vs/workbench/api/node/extensionHostProcess.js:29:1019)
	at Object.p [as dispose] (/nix/store/m5db887cmx6nk99gm5q8hm9dhg7dm0gw-vscode-1.94.2/lib/vscode/resources/app/extensions/git/dist/main.js:2:973612)
	at /nix/store/m5db887cmx6nk99gm5q8hm9dhg7dm0gw-vscode-1.94.2/lib/vscode/resources/app/extensions/git/dist/main.js:2:979734
	at Array.forEach (<anonymous>)
	at f.dispose (/nix/store/m5db887cmx6nk99gm5q8hm9dhg7dm0gw-vscode-1.94.2/lib/vscode/resources/app/extensions/git/dist/main.js:2:979720)
	at D1.<anonymous> (file:///nix/store/m5db887cmx6nk99gm5q8hm9dhg7dm0gw-vscode-1.94.2/lib/vscode/resources/app/out/vs/workbench/api/node/extensionHostProcess.js:108:19996)
	at D1.dispose (file:///nix/store/m5db887cmx6nk99gm5q8hm9dhg7dm0gw-vscode-1.94.2/lib/vscode/resources/app/out/vs/workbench/api/node/extensionHostProcess.js:108:20092)
	at D1.<anonymous> (/nix/store/m5db887cmx6nk99gm5q8hm9dhg7dm0gw-vscode-1.94.2/lib/vscode/resources/app/extensions/git/dist/main.js:2:955332)
	at D1.dispose (file:///nix/store/m5db887cmx6nk99gm5q8hm9dhg7dm0gw-vscode-1.94.2/lib/vscode/resources/app/out/vs/workbench/api/node/extensionHostProcess.js:108:20092)
	at Si (file:///nix/store/m5db887cmx6nk99gm5q8hm9dhg7dm0gw-vscode-1.94.2/lib/vscode/resources/app/out/vs/workbench/api/node/extensionHostProcess.js:24:701)
	at file:///nix/store/m5db887cmx6nk99gm5q8hm9dhg7dm0gw-vscode-1.94.2/lib/vscode/resources/app/out/vs/workbench/api/node/extensionHostProcess.js:118:14995
	at file:///nix/store/m5db887cmx6nk99gm5q8hm9dhg7dm0gw-vscode-1.94.2/lib/vscode/resources/app/out/vs/workbench/api/node/extensionHostProcess.js:24:1011
	at Object.dispose (file:///nix/store/m5db887cmx6nk99gm5q8hm9dhg7dm0gw-vscode-1.94.2/lib/vscode/resources/app/out/vs/workbench/api/node/extensionHostProcess.js:7:2146)
	at hB.eb (file:///nix/store/m5db887cmx6nk99gm5q8hm9dhg7dm0gw-vscode-1.94.2/lib/vscode/resources/app/out/vs/workbench/api/node/extensionHostProcess.js:118:11922)
	at file:///nix/store/m5db887cmx6nk99gm5q8hm9dhg7dm0gw-vscode-1.94.2/lib/vscode/resources/app/out/vs/workbench/api/node/extensionHostProcess.js:118:9877
	at Array.map (<anonymous>)
	at hB.$ (file:///nix/store/m5db887cmx6nk99gm5q8hm9dhg7dm0gw-vscode-1.94.2/lib/vscode/resources/app/out/vs/workbench/api/node/extensionHostProcess.js:118:9865)
	at hB.terminate (file:///nix/store/m5db887cmx6nk99gm5q8hm9dhg7dm0gw-vscode-1.94.2/lib/vscode/resources/app/out/vs/workbench/api/node/extensionHostProcess.js:118:10108)
	at M3.terminate (file:///nix/store/m5db887cmx6nk99gm5q8hm9dhg7dm0gw-vscode-1.94.2/lib/vscode/resources/app/out/vs/workbench/api/node/extensionHostProcess.js:119:1424)
	at ps (file:///nix/store/m5db887cmx6nk99gm5q8hm9dhg7dm0gw-vscode-1.94.2/lib/vscode/resources/app/out/vs/workbench/api/node/extensionHostProcess.js:174:15058)
	at MessagePortMain.<anonymous> (file:///nix/store/m5db887cmx6nk99gm5q8hm9dhg7dm0gw-vscode-1.94.2/lib/vscode/resources/app/out/vs/workbench/api/node/extensionHostProcess.js:174:11603)
	at MessagePortMain.emit (node:events:519:28)
	at MessagePortMain._internalPort.emit (node:electron/js2c/utility_init:2:2619) setContext undefined
2024-10-24 13:43:54.274 [info] Extension host with pid 28346 exiting with code 0
