2024-10-24 13:44:01.496 [info] [main] Log level: Info
2024-10-24 13:44:01.496 [info] [main] Validating found git in: "git"
2024-10-24 13:44:01.496 [info] [main] Using git "2.46.1" from "git"
2024-10-24 13:44:01.496 [info] [Model][doInitialScan] Initial repository scan started
2024-10-24 13:44:01.496 [info] > git rev-parse --show-toplevel [6ms]
2024-10-24 13:44:01.496 [info] > git rev-parse --git-dir --git-common-dir [13ms]
2024-10-24 13:44:01.496 [info] [Model][openRepository] Opened repository: /home/docnite/Desktop/Rust/re-lonarpg
2024-10-24 13:44:01.497 [info] > git rev-parse --show-toplevel [24ms]
2024-10-24 13:44:01.498 [info] > git config --get commit.template [36ms]
2024-10-24 13:44:01.520 [info] [Git][getRemotes] No remotes found in the git config file
2024-10-24 13:44:01.523 [info] > git for-each-ref --format=%(refname)%00%(upstream:short)%00%(objectname)%00%(upstream:track)%00%(upstream:remotename)%00%(upstream:remoteref) refs/heads/master refs/remotes/master [4ms]
2024-10-24 13:44:01.543 [info] > git rev-parse --show-toplevel [34ms]
2024-10-24 13:44:01.555 [info] > git status -z -uall [22ms]
2024-10-24 13:44:01.555 [info] > git for-each-ref --sort -committerdate --format %(refname) %(objectname) %(*objectname) [12ms]
2024-10-24 13:44:01.579 [info] > git for-each-ref --format=%(refname)%00%(upstream:short)%00%(objectname)%00%(upstream:track)%00%(upstream:remotename)%00%(upstream:remoteref) refs/heads/master refs/remotes/master [13ms]
2024-10-24 13:44:01.589 [info] > git rev-parse --show-toplevel [36ms]
2024-10-24 13:44:01.600 [info] > git config --local branch.master.vscode-merge-base [10ms]
2024-10-24 13:44:01.600 [warning] [Git][config] git config failed: Failed to execute git
2024-10-24 13:44:01.609 [info] > git config --get commit.template [30ms]
2024-10-24 13:44:01.622 [info] > git reflog master --grep-reflog=branch: Created from *. [14ms]
2024-10-24 13:44:01.630 [info] > git rev-parse --show-toplevel [32ms]
2024-10-24 13:44:01.634 [info] [Model][doInitialScan] Initial repository scan completed - repositories (1), closed repositories (0), parent repositories (0), unsafe repositories (0)
2024-10-24 13:44:01.635 [info] [Git][getRemotes] No remotes found in the git config file
2024-10-24 13:44:01.648 [info] > git symbolic-ref --short refs/remotes/origin/HEAD [17ms]
2024-10-24 13:44:01.648 [info] fatal: ref refs/remotes/origin/HEAD is not a symbolic ref
2024-10-24 13:44:01.648 [warning] [Repository][getDefaultBranch] Failed to get default branch details: Failed to execute git.
2024-10-24 13:44:01.649 [info] > git for-each-ref --format=%(refname)%00%(upstream:short)%00%(objectname)%00%(upstream:track)%00%(upstream:remotename)%00%(upstream:remoteref) refs/heads/master refs/remotes/master [5ms]
2024-10-24 13:44:01.667 [info] > git status -z -uall [9ms]
2024-10-24 13:44:01.669 [info] > git for-each-ref --sort -committerdate --format %(refname) %(objectname) %(*objectname) [3ms]
2024-10-24 13:44:01.792 [info] > git show --textconv :rust-toolchain.toml [11ms]
2024-10-24 13:44:01.794 [info] > git ls-files --stage -- /home/docnite/Desktop/Rust/re-lonarpg/rust-toolchain.toml [1ms]
2024-10-24 13:44:01.803 [info] > git cat-file -s 292fe499e3b25d42211661ba9c7fafe6120186ca [2ms]
2024-10-24 13:44:02.058 [info] > git check-ignore -v -z --stdin [1ms]
2024-10-24 13:44:03.477 [info] > git show --textconv :shell.nix [15ms]
2024-10-24 13:44:03.479 [info] > git ls-files --stage -- /home/docnite/Desktop/Rust/re-lonarpg/shell.nix [3ms]
2024-10-24 13:44:03.493 [info] > git cat-file -s f33062fb4ec4d99ea3900ec7d73079f5f12ebcd4 [2ms]
2024-10-24 13:44:14.147 [info] > git show --textconv :rust-toolchain.toml [12ms]
2024-10-24 13:44:14.148 [info] > git ls-files --stage -- /home/docnite/Desktop/Rust/re-lonarpg/rust-toolchain.toml [2ms]
2024-10-24 13:44:14.160 [info] > git cat-file -s 292fe499e3b25d42211661ba9c7fafe6120186ca [2ms]
2024-10-24 13:44:15.022 [info] > git show --textconv :Cargo.toml [13ms]
2024-10-24 13:44:15.023 [info] > git ls-files --stage -- /home/docnite/Desktop/Rust/re-lonarpg/Cargo.toml [2ms]
2024-10-24 13:44:15.035 [info] > git cat-file -s bec91ddbdc3091fa60878d4c8687da2ec0ca59a1 [2ms]
2024-10-24 13:44:31.798 [info] > git show --textconv :rust-toolchain.toml [16ms]
2024-10-24 13:44:31.799 [info] > git ls-files --stage -- /home/docnite/Desktop/Rust/re-lonarpg/rust-toolchain.toml [2ms]
2024-10-24 13:44:31.813 [info] > git cat-file -s 292fe499e3b25d42211661ba9c7fafe6120186ca [2ms]
2024-10-24 13:44:34.078 [info] > git show --textconv :shell.nix [10ms]
2024-10-24 13:44:34.079 [info] > git ls-files --stage -- /home/docnite/Desktop/Rust/re-lonarpg/shell.nix [2ms]
2024-10-24 13:44:34.091 [info] > git cat-file -s f33062fb4ec4d99ea3900ec7d73079f5f12ebcd4 [2ms]
2024-10-24 13:44:34.946 [info] > git show --textconv :Cargo.toml [11ms]
2024-10-24 13:44:34.947 [info] > git ls-files --stage -- /home/docnite/Desktop/Rust/re-lonarpg/Cargo.toml [2ms]
2024-10-24 13:44:34.958 [info] > git cat-file -s bec91ddbdc3091fa60878d4c8687da2ec0ca59a1 [1ms]
2024-10-24 13:44:35.929 [info] > git show --textconv :shell.nix [12ms]
2024-10-24 13:44:35.930 [info] > git ls-files --stage -- /home/docnite/Desktop/Rust/re-lonarpg/shell.nix [2ms]
2024-10-24 13:44:35.942 [info] > git cat-file -s f33062fb4ec4d99ea3900ec7d73079f5f12ebcd4 [2ms]
