2024-10-20 15:38:19.182 [info] Active editor: file:///home/docnite/.config/eww/eww.yuck
2024-10-20 15:38:27.225 [info] Executing :w
2024-10-20 15:38:30.137 [info] Active editor: file:///home/docnite/.config/eww/eww.scss
2024-10-20 15:38:45.355 [info] Executing :w
2024-10-20 15:39:01.747 [info] Executing :w
2024-10-20 15:39:04.406 [info] Active editor: file:///home/docnite/.config/eww/scripts/battery
2024-10-20 15:49:01.490 [info] Active editor: file:///home/docnite/.config/eww/eww.yuck
2024-10-20 15:49:12.332 [info] /home/docnite/.config/eww/scripts/battery closed
2024-10-20 15:49:12.359 [info] Active editor: file:///home/docnite/.config/eww/scripts/calendar
2024-10-20 15:49:14.082 [info] /home/docnite/.config/eww/scripts/calendar closed
2024-10-20 15:49:14.100 [info] Active editor: file:///home/docnite/.config/eww/scripts/popup
2024-10-20 15:49:15.393 [info] /home/docnite/.config/eww/scripts/popup closed
2024-10-20 15:49:15.413 [info] Active editor: file:///home/docnite/.config/eww/scripts/calendar
2024-10-20 15:49:17.336 [info] /home/docnite/.config/eww/scripts/calendar closed
2024-10-20 15:49:17.354 [info] Active editor: file:///home/docnite/.config/eww/scripts/popup
2024-10-20 15:49:44.154 [info] /home/docnite/.config/Code/User/settings.json closed
2024-10-20 15:49:44.177 [info] Configuration changed
2024-10-20 15:49:44.275 [info] /home/docnite/.config/eww/scripts/popup closed
2024-10-20 15:49:44.279 [info] Active editor: file:///home/docnite/.config/eww/eww.yuck
2024-10-20 15:49:45.179 [info] Active editor: file:///home/docnite/.config/eww/scripts/wifi
2024-10-20 15:49:46.284 [info] /home/docnite/.config/eww/scripts/wifi closed
2024-10-20 15:49:46.302 [info] Active editor: file:///home/docnite/.config/eww/scripts/calendar
2024-10-20 15:49:47.996 [info] /home/docnite/.config/eww/scripts/calendar closed
2024-10-20 15:49:48.017 [info] Active editor: file:///home/docnite/.config/eww/scripts/wifi
2024-10-20 15:50:26.738 [info] /home/docnite/.config/eww/scripts/wifi closed
2024-10-20 15:50:26.763 [info] Active editor: file:///home/docnite/.config/eww/eww.yuck
2024-10-20 15:50:28.641 [info] Active editor: file:///home/docnite/.config/eww/scripts/battery
2024-10-20 15:50:54.689 [info] /home/docnite/.config/eww/scripts/battery closed
2024-10-20 15:50:54.736 [info] Active editor: file:///home/docnite/.config/eww/eww.yuck
2024-10-20 15:50:56.167 [info] Active editor: file:///home/docnite/.config/eww/scripts/workspace
2024-10-20 15:51:00.002 [info] Active editor: file:///home/docnite/.config/eww/eww.yuck
2024-10-20 15:51:51.269 [info] /home/docnite/.config/eww/scripts/workspace closed
2024-10-20 15:51:51.297 [info] Active editor: file:///home/docnite/.config/eww/scripts/calendar
2024-10-20 15:51:52.191 [info] /home/docnite/.config/eww/scripts/calendar closed
2024-10-20 15:51:52.209 [info] Active editor: file:///home/docnite/.config/eww/scripts/workspace
2024-10-20 15:51:54.434 [info] /home/docnite/.config/eww/scripts/workspace closed
2024-10-20 15:51:54.459 [info] Active editor: file:///home/docnite/.config/eww/eww.yuck
2024-10-20 15:51:55.977 [info] Active editor: file:///home/docnite/.config/eww/scripts/calendar
2024-10-20 15:51:57.276 [info] /home/docnite/.config/eww/scripts/calendar closed
2024-10-20 15:51:57.303 [info] Active editor: file:///home/docnite/.config/eww/eww.yuck
2024-10-20 15:52:10.996 [info] Executing :w
2024-10-20 15:52:43.499 [info] Executing :w
2024-10-20 15:53:35.183 [info] Executing :w
2024-10-20 15:53:59.081 [info] Executing :w
2024-10-20 15:54:02.524 [info] Executing :w
2024-10-20 15:54:07.457 [info] Executing :w
2024-10-20 15:54:10.456 [info] Executing :w
2024-10-20 15:54:18.588 [info] Executing :w
2024-10-20 15:54:22.887 [info] Executing :w
2024-10-20 15:55:14.132 [info] Executing :w
2024-10-20 15:55:16.447 [info] Executing :w
2024-10-20 15:55:26.033 [info] Executing :w
2024-10-20 15:55:31.086 [info] Executing :w
2024-10-20 15:55:32.552 [info] Executing :w
2024-10-20 15:55:34.021 [info] Executing :w
2024-10-20 15:55:38.899 [info] Executing :w
2024-10-20 15:55:40.449 [info] Executing :w
2024-10-20 15:57:16.783 [info] Executing :w
2024-10-20 15:57:21.196 [info] Executing :w
2024-10-20 15:57:38.016 [info] Executing :w
2024-10-20 15:57:50.386 [info] Executing :w
2024-10-20 15:58:30.390 [info] Executing :w
2024-10-20 15:58:49.236 [info] Executing :w
2024-10-20 15:58:55.259 [info] Executing :w
2024-10-20 15:59:58.129 [info] Executing :w
2024-10-20 16:00:06.131 [info] Executing :w
2024-10-20 16:00:57.424 [info] Executing :w
2024-10-20 16:01:16.228 [info] Executing :w
2024-10-20 16:01:55.407 [info] Executing :w
2024-10-20 16:02:40.825 [info] Executing :w
2024-10-20 16:03:09.466 [info] Executing :w
2024-10-20 16:03:47.996 [info] Executing :w
2024-10-20 16:04:04.203 [info] Executing :w
2024-10-20 16:04:28.253 [info] Executing :w
2024-10-20 16:04:32.984 [info] Executing :w
2024-10-20 16:04:36.806 [info] Executing :w
2024-10-20 16:04:42.850 [info] Executing :w
2024-10-20 16:04:44.768 [info] Executing :w
2024-10-20 16:05:15.784 [info] Executing :w
2024-10-20 16:05:33.983 [info] Executing :w
2024-10-20 16:05:38.246 [info] Executing :w
2024-10-20 16:05:40.946 [info] Executing :w
2024-10-20 16:05:45.114 [info] Executing :w
2024-10-20 16:06:33.381 [info] Executing :w
2024-10-20 16:07:08.399 [info] Executing :w
2024-10-20 16:07:11.874 [info] Executing :w
2024-10-20 16:07:27.198 [info] Executing :w
2024-10-20 16:07:36.571 [info] Executing :w
2024-10-20 16:08:58.209 [info] Executing :w
2024-10-20 16:09:02.648 [info] Executing :w
2024-10-20 16:09:04.184 [info] Executing :w
2024-10-20 16:09:08.989 [info] Executing :w
2024-10-20 16:09:10.103 [info] Executing :w
2024-10-20 16:09:28.261 [info] Executing :w
2024-10-20 16:09:56.177 [info] Executing :w
2024-10-20 16:10:07.012 [info] Executing :w
2024-10-20 16:10:15.547 [info] Executing :w
2024-10-20 16:10:20.930 [info] Executing :w
2024-10-20 16:10:27.228 [info] Executing :w
2024-10-20 16:11:53.218 [info] Executing :w
2024-10-20 16:11:55.217 [info] Executing :w
2024-10-20 16:12:04.890 [info] Executing :w
2024-10-20 16:12:35.272 [info] Executing :w
2024-10-20 16:12:59.584 [info] Executing :w
2024-10-20 16:13:21.329 [info] Executing :w
2024-10-20 16:13:33.943 [info] Executing :w
2024-10-20 16:13:41.092 [info] Executing :w
2024-10-20 16:13:44.556 [info] Executing :w
2024-10-20 16:14:52.014 [info] Executing :w
2024-10-20 16:14:56.516 [info] Executing :w
2024-10-20 16:15:14.935 [info] Executing :w
2024-10-20 16:17:31.514 [info] Executing :w
2024-10-20 16:17:58.558 [info] Executing :w
2024-10-20 16:18:09.710 [info] Executing :w
2024-10-20 16:18:37.041 [info] Executing :w
2024-10-20 16:19:03.673 [info] Executing :w
2024-10-20 16:19:25.842 [info] Executing :w
2024-10-20 16:19:41.541 [info] Executing :w
2024-10-20 16:26:58.518 [info] Executing :w
2024-10-20 16:27:04.680 [info] Executing :w
2024-10-20 16:27:07.510 [info] Executing :w
2024-10-20 16:27:12.294 [info] Executing :w
2024-10-20 16:27:13.875 [info] Executing :w
2024-10-20 16:27:59.164 [info] Executing :w
2024-10-20 16:28:07.560 [info] Executing :w
2024-10-20 16:28:13.028 [info] Executing :w
2024-10-20 16:28:25.919 [info] Executing :w
2024-10-20 16:28:34.609 [info] Executing :w
2024-10-20 16:28:47.982 [info] Executing :w
2024-10-20 16:28:55.271 [info] Executing :w
2024-10-20 16:29:10.132 [info] Executing :w
2024-10-20 16:29:35.717 [info] Executing :w
2024-10-20 16:29:48.805 [info] Executing :w
2024-10-20 16:30:14.913 [info] Executing :w
