2024-10-20 00:31:52.336 [info] [main] Log level: Info
2024-10-20 00:31:52.336 [info] [main] Validating found git in: "git"
2024-10-20 00:31:52.336 [info] [main] Using git "2.46.1" from "git"
2024-10-20 00:31:52.336 [info] [Model][doInitialScan] Initial repository scan started
2024-10-20 00:31:52.336 [info] > git rev-parse --show-toplevel [2ms]
2024-10-20 00:31:52.336 [info] fatal: not a git repository (or any of the parent directories): .git
2024-10-20 00:31:52.336 [info] > git rev-parse --show-toplevel [5ms]
2024-10-20 00:31:52.336 [info] fatal: not a git repository (or any of the parent directories): .git
2024-10-20 00:31:52.336 [info] [Model][doInitialScan] Initial repository scan completed - repositories (0), closed repositories (0), parent repositories (0), unsafe repositories (0)
2024-10-20 00:31:52.416 [info] > git rev-parse --show-toplevel [1ms]
2024-10-20 00:31:52.416 [info] fatal: not a git repository (or any of the parent directories): .git
2024-10-20 00:31:52.603 [info] > git rev-parse --show-toplevel [3ms]
2024-10-20 00:31:52.603 [info] fatal: not a git repository (or any of the parent directories): .git
2024-10-20 00:31:52.669 [info] > git rev-parse --show-toplevel [2ms]
2024-10-20 00:31:52.670 [info] fatal: not a git repository (or any of the parent directories): .git
2024-10-20 00:31:52.721 [info] > git rev-parse --show-toplevel [1ms]
2024-10-20 00:31:52.721 [info] fatal: not a git repository (or any of the parent directories): .git
2024-10-20 00:31:53.857 [info] > git rev-parse --show-toplevel [2ms]
2024-10-20 00:31:53.858 [info] fatal: not a git repository (or any of the parent directories): .git
2024-10-20 00:31:59.920 [info] > git rev-parse --show-toplevel [2ms]
2024-10-20 00:31:59.920 [info] fatal: not a git repository (or any of the parent directories): .git
