2024-10-24 13:26:56.571 [info] [main] Log level: Info
2024-10-24 13:26:56.571 [info] [main] Validating found git in: "git"
2024-10-24 13:26:56.571 [info] [main] Using git "2.46.1" from "git"
2024-10-24 13:26:56.571 [info] [Model][doInitialScan] Initial repository scan started
2024-10-24 13:26:56.571 [info] > git rev-parse --show-toplevel [5ms]
2024-10-24 13:26:56.571 [info] > git rev-parse --git-dir --git-common-dir [2ms]
2024-10-24 13:26:56.571 [info] [Model][openRepository] Opened repository: /home/docnite/Desktop/Rust/re-lonarpg
2024-10-24 13:26:56.596 [info] > git rev-parse --show-toplevel [3ms]
2024-10-24 13:26:56.597 [info] > git config --get commit.template [16ms]
2024-10-24 13:26:56.622 [info] [Git][getRemotes] No remotes found in the git config file
2024-10-24 13:26:56.623 [info] > git rev-parse --show-toplevel [15ms]
2024-10-24 13:26:56.647 [info] > git for-each-ref --format=%(refname)%00%(upstream:short)%00%(objectname)%00%(upstream:track)%00%(upstream:remotename)%00%(upstream:remoteref) refs/heads/master refs/remotes/master [26ms]
2024-10-24 13:26:56.682 [info] > git status -z -uall [24ms]
2024-10-24 13:26:56.682 [info] > git for-each-ref --sort -committerdate --format %(refname) %(objectname) %(*objectname) [14ms]
2024-10-24 13:26:56.707 [info] > git rev-parse --show-toplevel [61ms]
2024-10-24 13:26:56.730 [info] > git for-each-ref --format=%(refname)%00%(upstream:short)%00%(objectname)%00%(upstream:track)%00%(upstream:remotename)%00%(upstream:remoteref) refs/heads/master refs/remotes/master [30ms]
2024-10-24 13:26:56.745 [info] > git config --local branch.master.vscode-merge-base [4ms]
2024-10-24 13:26:56.745 [warning] [Git][config] git config failed: Failed to execute git
2024-10-24 13:26:56.755 [info] > git rev-parse --show-toplevel [26ms]
2024-10-24 13:26:56.759 [info] [Model][doInitialScan] Initial repository scan completed - repositories (1), closed repositories (0), parent repositories (0), unsafe repositories (0)
2024-10-24 13:26:56.760 [info] > git config --get commit.template [40ms]
2024-10-24 13:26:56.762 [info] > git reflog master --grep-reflog=branch: Created from *. [7ms]
2024-10-24 13:26:56.784 [info] [Git][getRemotes] No remotes found in the git config file
2024-10-24 13:26:56.787 [info] > git for-each-ref --format=%(refname)%00%(upstream:short)%00%(objectname)%00%(upstream:track)%00%(upstream:remotename)%00%(upstream:remoteref) refs/heads/master refs/remotes/master [3ms]
2024-10-24 13:26:56.810 [info] > git symbolic-ref --short refs/remotes/origin/HEAD [37ms]
2024-10-24 13:26:56.810 [info] fatal: ref refs/remotes/origin/HEAD is not a symbolic ref
2024-10-24 13:26:56.810 [warning] [Repository][getDefaultBranch] Failed to get default branch details: Failed to execute git.
2024-10-24 13:26:56.812 [info] > git status -z -uall [15ms]
2024-10-24 13:26:56.812 [info] > git for-each-ref --sort -committerdate --format %(refname) %(objectname) %(*objectname) [3ms]
2024-10-24 13:26:57.115 [info] > git check-ignore -v -z --stdin [3ms]
2024-10-24 13:26:57.948 [info] > git check-ignore -v -z --stdin [1ms]
2024-10-24 13:26:59.110 [info] > git show --textconv :src/main.rs [27ms]
2024-10-24 13:26:59.111 [info] > git ls-files --stage -- /home/docnite/Desktop/Rust/re-lonarpg/src/main.rs [17ms]
2024-10-24 13:26:59.125 [info] > git cat-file -s 4072fb23c9661a4201a4daf11edbdbb863ae3042 [2ms]
2024-10-24 13:27:28.012 [info] > git show --textconv :shell.nix [15ms]
2024-10-24 13:27:28.013 [info] > git ls-files --stage -- /home/docnite/Desktop/Rust/re-lonarpg/shell.nix [2ms]
2024-10-24 13:27:28.027 [info] > git cat-file -s f33062fb4ec4d99ea3900ec7d73079f5f12ebcd4 [2ms]
