2024-10-24 14:01:06.445 [info] [main] Log level: Info
2024-10-24 14:01:06.445 [info] [main] Validating found git in: "git"
2024-10-24 14:01:06.445 [info] [main] Using git "2.46.1" from "git"
2024-10-24 14:01:06.445 [info] [Model][doInitialScan] Initial repository scan started
2024-10-24 14:01:06.445 [info] > git rev-parse --show-toplevel [6ms]
2024-10-24 14:01:06.445 [info] > git rev-parse --git-dir --git-common-dir [4ms]
2024-10-24 14:01:06.445 [info] [Model][openRepository] Opened repository: /home/docnite/Desktop/Rust/re-lonarpg
2024-10-24 14:01:06.499 [info] > git rev-parse --show-toplevel [37ms]
2024-10-24 14:01:06.500 [info] > git config --get commit.template [46ms]
2024-10-24 14:01:06.523 [info] [Git][getRemotes] No remotes found in the git config file
2024-10-24 14:01:06.540 [info] > git for-each-ref --format=%(refname)%00%(upstream:short)%00%(objectname)%00%(upstream:track)%00%(upstream:remotename)%00%(upstream:remoteref) refs/heads/master refs/remotes/master [18ms]
2024-10-24 14:01:06.565 [info] > git rev-parse --show-toplevel [52ms]
2024-10-24 14:01:06.583 [info] > git status -z -uall [31ms]
2024-10-24 14:01:06.583 [info] > git for-each-ref --sort -committerdate --format %(refname) %(objectname) %(*objectname) [19ms]
2024-10-24 14:01:06.605 [info] > git for-each-ref --format=%(refname)%00%(upstream:short)%00%(objectname)%00%(upstream:track)%00%(upstream:remotename)%00%(upstream:remoteref) refs/heads/master refs/remotes/master [11ms]
2024-10-24 14:01:06.614 [info] > git rev-parse --show-toplevel [32ms]
2024-10-24 14:01:06.626 [info] > git config --local branch.master.vscode-merge-base [11ms]
2024-10-24 14:01:06.626 [warning] [Git][config] git config failed: Failed to execute git
2024-10-24 14:01:06.634 [info] > git config --get commit.template [30ms]
2024-10-24 14:01:06.636 [info] > git rev-parse --show-toplevel [12ms]
2024-10-24 14:01:06.639 [info] [Model][doInitialScan] Initial repository scan completed - repositories (1), closed repositories (0), parent repositories (0), unsafe repositories (0)
2024-10-24 14:01:06.647 [info] [Git][getRemotes] No remotes found in the git config file
2024-10-24 14:01:06.647 [info] > git reflog master --grep-reflog=branch: Created from *. [13ms]
2024-10-24 14:01:06.656 [info] > git for-each-ref --format=%(refname)%00%(upstream:short)%00%(objectname)%00%(upstream:track)%00%(upstream:remotename)%00%(upstream:remoteref) refs/heads/master refs/remotes/master [9ms]
2024-10-24 14:01:06.682 [info] > git status -z -uall [16ms]
2024-10-24 14:01:06.682 [info] > git for-each-ref --sort -committerdate --format %(refname) %(objectname) %(*objectname) [8ms]
2024-10-24 14:01:06.692 [info] > git symbolic-ref --short refs/remotes/origin/HEAD [37ms]
2024-10-24 14:01:06.692 [info] fatal: ref refs/remotes/origin/HEAD is not a symbolic ref
2024-10-24 14:01:06.692 [warning] [Repository][getDefaultBranch] Failed to get default branch details: Failed to execute git.
2024-10-24 14:01:06.703 [info] > git for-each-ref --format=%(refname)%00%(upstream:short)%00%(objectname)%00%(upstream:track)%00%(upstream:remotename)%00%(upstream:remoteref) refs/heads/master refs/remotes/master [12ms]
2024-10-24 14:01:06.713 [info] > git config --local branch.master.vscode-merge-base [2ms]
2024-10-24 14:01:06.713 [warning] [Git][config] git config failed: Failed to execute git
2024-10-24 14:01:06.724 [info] > git reflog master --grep-reflog=branch: Created from *. [3ms]
2024-10-24 14:01:06.734 [info] > git symbolic-ref --short refs/remotes/origin/HEAD [2ms]
2024-10-24 14:01:06.734 [info] fatal: ref refs/remotes/origin/HEAD is not a symbolic ref
2024-10-24 14:01:06.734 [warning] [Repository][getDefaultBranch] Failed to get default branch details: Failed to execute git.
2024-10-24 14:01:06.866 [info] > git show --textconv :shell.nix [9ms]
2024-10-24 14:01:06.867 [info] > git ls-files --stage -- /home/docnite/Desktop/Rust/re-lonarpg/shell.nix [2ms]
2024-10-24 14:01:06.877 [info] > git cat-file -s f33062fb4ec4d99ea3900ec7d73079f5f12ebcd4 [2ms]
2024-10-24 14:01:06.973 [info] > git check-ignore -v -z --stdin [2ms]
